{
  "RSpec": {
    "coverage": {
      "/Users/zulkar/Project/GitHub/hr/app/models/user.rb": [
        1,
        1,
        null,
        null,
        1,
        null,
        null,
        null,
        null,
        null,
        null,
        null,
        null,
        null,
        null,
        1,
        null,
        1,
        1,
        1,
        null,
        1,
        1,
        1,
        null,
        1,
        null,
        1,
        0,
        null,
        null,
        1,
        0,
        null,
        null
      ],
      "/Users/zulkar/Project/GitHub/hr/app/models/application_record.rb": [
        1,
        1,
        null
      ],
      "/Users/zulkar/Project/GitHub/hr/app/helpers/application_helper.rb": [
        1,
        null
      ],
      "/Users/zulkar/Project/GitHub/hr/app/interactors/users/google_oauth.rb": [
        1,
        1,
        1,
        null,
        1,
        null,
        1,
        3,
        null,
        3,
        null,
        null,
        1,
        null,
        1,
        6,
        6,
        null,
        6,
        null,
        null,
        1,
        0,
        null,
        null,
        1,
        3,
        null,
        null,
        null,
        null,
        null,
        null,
        null,
        1,
        9,
        null,
        null,
        1,
        3,
        null,
        null,
        1,
        3,
        null,
        null,
        null
      ],
      "/Users/zulkar/Project/GitHub/hr/app/models/department.rb": [
        1,
        1,
        1,
        null,
        1,
        null
      ]
    },
    "timestamp": 1519631504
  }
}
